[0.098s] DEBUG:colcon:Command line arguments: ['/usr/bin/colcon', 'build', '--packages-select', 'radar_tracking_pkg']
[0.098s] DEBUG:colcon:Parsed command line arguments: Namespace(log_base=None, log_level=None, verb_name='build', build_base='build', install_base='install', merge_install=False, symlink_install=False, test_result_base=None, continue_on_error=False, executor='parallel', parallel_workers=6, event_handlers=None, ignore_user_meta=False, metas=['./colcon.meta'], base_paths=['.'], packages_ignore=None, packages_ignore_regex=None, paths=None, packages_up_to=None, packages_up_to_regex=None, packages_above=None, packages_above_and_dependencies=None, packages_above_depth=None, packages_select_by_dep=None, packages_skip_by_dep=None, packages_skip_up_to=None, packages_select_build_failed=False, packages_skip_build_finished=False, packages_select_test_failures=False, packages_skip_test_passed=False, packages_select=['radar_tracking_pkg'], packages_skip=None, packages_select_regex=None, packages_skip_regex=None, packages_start=None, packages_end=None, allow_overriding=[], cmake_args=None, cmake_target=None, cmake_target_skip_unavailable=False, cmake_clean_cache=False, cmake_clean_first=False, cmake_force_configure=False, ament_cmake_args=None, catkin_cmake_args=None, catkin_skip_building_tests=False, verb_parser=<colcon_defaults.argument_parser.defaults.DefaultArgumentsDecorator object at 0x77a54f1a3af0>, verb_extension=<colcon_core.verb.build.BuildVerb object at 0x77a54f1a35e0>, main=<bound method BuildVerb.main of <colcon_core.verb.build.BuildVerb object at 0x77a54f1a35e0>>)
[0.249s] Level 1:colcon.colcon_core.package_discovery:discover_packages(colcon_meta) check parameters
[0.249s] Level 1:colcon.colcon_core.package_discovery:discover_packages(recursive) check parameters
[0.249s] Level 1:colcon.colcon_core.package_discovery:discover_packages(ignore) check parameters
[0.249s] Level 1:colcon.colcon_core.package_discovery:discover_packages(path) check parameters
[0.249s] Level 1:colcon.colcon_core.package_discovery:discover_packages(colcon_meta) discover
[0.249s] Level 1:colcon.colcon_core.package_discovery:discover_packages(recursive) discover
[0.249s] INFO:colcon.colcon_core.package_discovery:Crawling recursively for packages in '/home/kaice/Desktop/radar_tracking_pkg'
[0.249s] Level 1:colcon.colcon_core.package_identification:_identify(.) by extensions ['ignore', 'ignore_ament_install']
[0.250s] Level 1:colcon.colcon_core.package_identification:_identify(.) by extension 'ignore'
[0.250s] Level 1:colcon.colcon_core.package_identification:_identify(.) by extension 'ignore_ament_install'
[0.250s] Level 1:colcon.colcon_core.package_identification:_identify(.) by extensions ['colcon_pkg']
[0.250s] Level 1:colcon.colcon_core.package_identification:_identify(.) by extension 'colcon_pkg'
[0.250s] Level 1:colcon.colcon_core.package_identification:_identify(.) by extensions ['colcon_meta']
[0.250s] Level 1:colcon.colcon_core.package_identification:_identify(.) by extension 'colcon_meta'
[0.250s] Level 1:colcon.colcon_core.package_identification:_identify(.) by extensions ['ros']
[0.250s] Level 1:colcon.colcon_core.package_identification:_identify(.) by extension 'ros'
[0.262s] DEBUG:colcon.colcon_core.package_identification:Package '.' with type 'ros.ament_python' and name 'radar_tracking_pkg'
[0.262s] Level 1:colcon.colcon_core.package_discovery:discover_packages(recursive) using defaults
[0.262s] Level 1:colcon.colcon_core.package_discovery:discover_packages(ignore) discover
[0.262s] Level 1:colcon.colcon_core.package_discovery:discover_packages(ignore) using defaults
[0.262s] Level 1:colcon.colcon_core.package_discovery:discover_packages(path) discover
[0.262s] Level 1:colcon.colcon_core.package_discovery:discover_packages(path) using defaults
[0.281s] Level 1:colcon.colcon_core.package_discovery:discover_packages(prefix_path) check parameters
[0.282s] Level 1:colcon.colcon_core.package_discovery:discover_packages(prefix_path) discover
[0.283s] DEBUG:colcon.colcon_installed_package_information.package_discovery:Found 1 installed packages in /home/kaice/Desktop/radar_tracking_pkg/install
[0.285s] DEBUG:colcon.colcon_installed_package_information.package_discovery:Found 275 installed packages in /opt/ros/humble
[0.287s] Level 1:colcon.colcon_core.package_discovery:discover_packages(prefix_path) using defaults
[0.346s] Level 5:colcon.colcon_core.verb:set package 'radar_tracking_pkg' build argument 'cmake_args' from command line to 'None'
[0.346s] Level 5:colcon.colcon_core.verb:set package 'radar_tracking_pkg' build argument 'cmake_target' from command line to 'None'
[0.347s] Level 5:colcon.colcon_core.verb:set package 'radar_tracking_pkg' build argument 'cmake_target_skip_unavailable' from command line to 'False'
[0.347s] Level 5:colcon.colcon_core.verb:set package 'radar_tracking_pkg' build argument 'cmake_clean_cache' from command line to 'False'
[0.347s] Level 5:colcon.colcon_core.verb:set package 'radar_tracking_pkg' build argument 'cmake_clean_first' from command line to 'False'
[0.347s] Level 5:colcon.colcon_core.verb:set package 'radar_tracking_pkg' build argument 'cmake_force_configure' from command line to 'False'
[0.347s] Level 5:colcon.colcon_core.verb:set package 'radar_tracking_pkg' build argument 'ament_cmake_args' from command line to 'None'
[0.347s] Level 5:colcon.colcon_core.verb:set package 'radar_tracking_pkg' build argument 'catkin_cmake_args' from command line to 'None'
[0.347s] Level 5:colcon.colcon_core.verb:set package 'radar_tracking_pkg' build argument 'catkin_skip_building_tests' from command line to 'False'
[0.347s] DEBUG:colcon.colcon_core.verb:Building package 'radar_tracking_pkg' with the following arguments: {'ament_cmake_args': None, 'build_base': '/home/kaice/Desktop/radar_tracking_pkg/build/radar_tracking_pkg', 'catkin_cmake_args': None, 'catkin_skip_building_tests': False, 'cmake_args': None, 'cmake_clean_cache': False, 'cmake_clean_first': False, 'cmake_force_configure': False, 'cmake_target': None, 'cmake_target_skip_unavailable': False, 'install_base': '/home/kaice/Desktop/radar_tracking_pkg/install/radar_tracking_pkg', 'merge_install': False, 'path': '/home/kaice/Desktop/radar_tracking_pkg', 'symlink_install': False, 'test_result_base': None}
[0.347s] INFO:colcon.colcon_core.executor:Executing jobs using 'parallel' executor
[0.349s] DEBUG:colcon.colcon_parallel_executor.executor.parallel:run_until_complete
[0.349s] INFO:colcon.colcon_ros.task.ament_python.build:Building ROS package in '/home/kaice/Desktop/radar_tracking_pkg' with build type 'ament_python'
[0.350s] Level 1:colcon.colcon_core.shell:create_environment_hook('radar_tracking_pkg', 'ament_prefix_path')
[0.353s] INFO:colcon.colcon_core.plugin_system:Skipping extension 'colcon_core.shell.bat': Not used on non-Windows systems
[0.353s] INFO:colcon.colcon_core.shell:Creating environment hook '/home/kaice/Desktop/radar_tracking_pkg/install/radar_tracking_pkg/share/radar_tracking_pkg/hook/ament_prefix_path.ps1'
[0.354s] INFO:colcon.colcon_core.shell:Creating environment descriptor '/home/kaice/Desktop/radar_tracking_pkg/install/radar_tracking_pkg/share/radar_tracking_pkg/hook/ament_prefix_path.dsv'
[0.354s] INFO:colcon.colcon_core.shell:Creating environment hook '/home/kaice/Desktop/radar_tracking_pkg/install/radar_tracking_pkg/share/radar_tracking_pkg/hook/ament_prefix_path.sh'
[0.355s] INFO:colcon.colcon_core.shell:Skip shell extension 'powershell' for command environment: Not usable outside of PowerShell
[0.355s] DEBUG:colcon.colcon_core.shell:Skip shell extension 'dsv' for command environment
[0.637s] INFO:colcon.colcon_core.task.python.build:Building Python package in '/home/kaice/Desktop/radar_tracking_pkg'
[0.638s] INFO:colcon.colcon_core.shell:Skip shell extension 'powershell' for command environment: Not usable outside of PowerShell
[0.638s] DEBUG:colcon.colcon_core.shell:Skip shell extension 'dsv' for command environment
[0.975s] DEBUG:colcon.colcon_core.event_handler.log_command:Invoking command in '/home/kaice/Desktop/radar_tracking_pkg': PYTHONPATH=/home/kaice/Desktop/radar_tracking_pkg/build/radar_tracking_pkg/prefix_override:/usr/lib/python3/dist-packages/colcon_core/task/python/colcon_distutils_commands:/home/kaice/Desktop/radar_tracking_pkg/install/radar_tracking_pkg/lib/python3.10/site-packages:${PYTHONPATH} /usr/bin/python3 -W ignore:setup.py install is deprecated -W ignore:easy_install command is deprecated setup.py egg_info --egg-base build/radar_tracking_pkg build --build-base /home/kaice/Desktop/radar_tracking_pkg/build/radar_tracking_pkg/build install --record /home/kaice/Desktop/radar_tracking_pkg/build/radar_tracking_pkg/install.log --single-version-externally-managed install_data
[1.288s] DEBUG:colcon.colcon_core.event_handler.log_command:Invoked command in '/home/kaice/Desktop/radar_tracking_pkg' returned '0': PYTHONPATH=/home/kaice/Desktop/radar_tracking_pkg/build/radar_tracking_pkg/prefix_override:/usr/lib/python3/dist-packages/colcon_core/task/python/colcon_distutils_commands:/home/kaice/Desktop/radar_tracking_pkg/install/radar_tracking_pkg/lib/python3.10/site-packages:${PYTHONPATH} /usr/bin/python3 -W ignore:setup.py install is deprecated -W ignore:easy_install command is deprecated setup.py egg_info --egg-base build/radar_tracking_pkg build --build-base /home/kaice/Desktop/radar_tracking_pkg/build/radar_tracking_pkg/build install --record /home/kaice/Desktop/radar_tracking_pkg/build/radar_tracking_pkg/install.log --single-version-externally-managed install_data
[1.290s] Level 1:colcon.colcon_core.environment:checking '/home/kaice/Desktop/radar_tracking_pkg/install/radar_tracking_pkg' for CMake module files
[1.290s] Level 1:colcon.colcon_core.environment:checking '/home/kaice/Desktop/radar_tracking_pkg/install/radar_tracking_pkg' for CMake config files
[1.291s] Level 1:colcon.colcon_core.environment:checking '/home/kaice/Desktop/radar_tracking_pkg/install/radar_tracking_pkg/lib'
[1.291s] Level 1:colcon.colcon_core.environment:checking '/home/kaice/Desktop/radar_tracking_pkg/install/radar_tracking_pkg/bin'
[1.291s] Level 1:colcon.colcon_core.environment:checking '/home/kaice/Desktop/radar_tracking_pkg/install/radar_tracking_pkg/lib/pkgconfig/radar_tracking_pkg.pc'
[1.291s] Level 1:colcon.colcon_core.environment:checking '/home/kaice/Desktop/radar_tracking_pkg/install/radar_tracking_pkg/lib/python3.10/site-packages'
[1.291s] Level 1:colcon.colcon_core.shell:create_environment_hook('radar_tracking_pkg', 'pythonpath')
[1.292s] INFO:colcon.colcon_core.shell:Creating environment hook '/home/kaice/Desktop/radar_tracking_pkg/install/radar_tracking_pkg/share/radar_tracking_pkg/hook/pythonpath.ps1'
[1.293s] INFO:colcon.colcon_core.shell:Creating environment descriptor '/home/kaice/Desktop/radar_tracking_pkg/install/radar_tracking_pkg/share/radar_tracking_pkg/hook/pythonpath.dsv'
[1.293s] INFO:colcon.colcon_core.shell:Creating environment hook '/home/kaice/Desktop/radar_tracking_pkg/install/radar_tracking_pkg/share/radar_tracking_pkg/hook/pythonpath.sh'
[1.294s] Level 1:colcon.colcon_core.environment:checking '/home/kaice/Desktop/radar_tracking_pkg/install/radar_tracking_pkg/bin'
[1.295s] Level 1:colcon.colcon_core.environment:create_environment_scripts_only(radar_tracking_pkg)
[1.295s] INFO:colcon.colcon_core.shell:Creating package script '/home/kaice/Desktop/radar_tracking_pkg/install/radar_tracking_pkg/share/radar_tracking_pkg/package.ps1'
[1.296s] INFO:colcon.colcon_core.shell:Creating package descriptor '/home/kaice/Desktop/radar_tracking_pkg/install/radar_tracking_pkg/share/radar_tracking_pkg/package.dsv'
[1.297s] INFO:colcon.colcon_core.shell:Creating package script '/home/kaice/Desktop/radar_tracking_pkg/install/radar_tracking_pkg/share/radar_tracking_pkg/package.sh'
[1.297s] INFO:colcon.colcon_core.shell:Creating package script '/home/kaice/Desktop/radar_tracking_pkg/install/radar_tracking_pkg/share/radar_tracking_pkg/package.bash'
[1.298s] INFO:colcon.colcon_core.shell:Creating package script '/home/kaice/Desktop/radar_tracking_pkg/install/radar_tracking_pkg/share/radar_tracking_pkg/package.zsh'
[1.299s] Level 1:colcon.colcon_core.environment:create_file_with_runtime_dependencies(/home/kaice/Desktop/radar_tracking_pkg/install/radar_tracking_pkg/share/colcon-core/packages/radar_tracking_pkg)
[1.300s] DEBUG:colcon.colcon_parallel_executor.executor.parallel:closing loop
[1.301s] DEBUG:colcon.colcon_parallel_executor.executor.parallel:loop closed
[1.301s] DEBUG:colcon.colcon_parallel_executor.executor.parallel:run_until_complete finished with '0'
[1.301s] DEBUG:colcon.colcon_core.event_reactor:joining thread
[1.307s] INFO:colcon.colcon_core.plugin_system:Skipping extension 'colcon_notification.desktop_notification.terminal_notifier': Not used on non-Darwin systems
[1.308s] INFO:colcon.colcon_core.plugin_system:Skipping extension 'colcon_notification.desktop_notification.win32': Not used on non-Windows systems
[1.308s] INFO:colcon.colcon_notification.desktop_notification:Sending desktop notification using 'notify2'
[1.327s] DEBUG:colcon.colcon_core.event_reactor:joined thread
[1.327s] INFO:colcon.colcon_core.shell:Creating prefix script '/home/kaice/Desktop/radar_tracking_pkg/install/local_setup.ps1'
[1.331s] INFO:colcon.colcon_core.shell:Creating prefix util module '/home/kaice/Desktop/radar_tracking_pkg/install/_local_setup_util_ps1.py'
[1.335s] INFO:colcon.colcon_core.shell:Creating prefix chain script '/home/kaice/Desktop/radar_tracking_pkg/install/setup.ps1'
[1.338s] INFO:colcon.colcon_core.shell:Creating prefix script '/home/kaice/Desktop/radar_tracking_pkg/install/local_setup.sh'
[1.340s] INFO:colcon.colcon_core.shell:Creating prefix util module '/home/kaice/Desktop/radar_tracking_pkg/install/_local_setup_util_sh.py'
[1.341s] INFO:colcon.colcon_core.shell:Creating prefix chain script '/home/kaice/Desktop/radar_tracking_pkg/install/setup.sh'
[1.343s] INFO:colcon.colcon_core.shell:Creating prefix script '/home/kaice/Desktop/radar_tracking_pkg/install/local_setup.bash'
[1.343s] INFO:colcon.colcon_core.shell:Creating prefix chain script '/home/kaice/Desktop/radar_tracking_pkg/install/setup.bash'
[1.345s] INFO:colcon.colcon_core.shell:Creating prefix script '/home/kaice/Desktop/radar_tracking_pkg/install/local_setup.zsh'
[1.346s] INFO:colcon.colcon_core.shell:Creating prefix chain script '/home/kaice/Desktop/radar_tracking_pkg/install/setup.zsh'
