[0.675s] Invoking command in '/home/kaice/Desktop/radar_tracking_pkg': PYTHONPATH=/home/kaice/Desktop/radar_tracking_pkg/build/radar_tracking_pkg/prefix_override:/usr/lib/python3/dist-packages/colcon_core/task/python/colcon_distutils_commands:/home/kaice/Desktop/radar_tracking_pkg/install/radar_tracking_pkg/lib/python3.10/site-packages:${PYTHONPATH} /usr/bin/python3 -W ignore:setup.py install is deprecated -W ignore:easy_install command is deprecated setup.py egg_info --egg-base build/radar_tracking_pkg build --build-base /home/kaice/Desktop/radar_tracking_pkg/build/radar_tracking_pkg/build install --record /home/kaice/Desktop/radar_tracking_pkg/build/radar_tracking_pkg/install.log --single-version-externally-managed install_data
[0.890s] running egg_info
[0.891s] writing build/radar_tracking_pkg/radar_tracking_pkg.egg-info/PKG-INFO
[0.892s] writing dependency_links to build/radar_tracking_pkg/radar_tracking_pkg.egg-info/dependency_links.txt
[0.893s] writing entry points to build/radar_tracking_pkg/radar_tracking_pkg.egg-info/entry_points.txt
[0.894s] writing requirements to build/radar_tracking_pkg/radar_tracking_pkg.egg-info/requires.txt
[0.894s] writing top-level names to build/radar_tracking_pkg/radar_tracking_pkg.egg-info/top_level.txt
[0.896s] reading manifest file 'build/radar_tracking_pkg/radar_tracking_pkg.egg-info/SOURCES.txt'
[0.898s] writing manifest file 'build/radar_tracking_pkg/radar_tracking_pkg.egg-info/SOURCES.txt'
[0.898s] running build
[0.898s] running build_py
[0.898s] copying radar_tracking_pkg/radar_serial_publisher.py -> /home/kaice/Desktop/radar_tracking_pkg/build/radar_tracking_pkg/build/lib/radar_tracking_pkg
[0.898s] running install
[0.899s] running install_lib
[0.900s] copying /home/kaice/Desktop/radar_tracking_pkg/build/radar_tracking_pkg/build/lib/radar_tracking_pkg/radar_serial_publisher.py -> /home/kaice/Desktop/radar_tracking_pkg/install/radar_tracking_pkg/lib/python3.10/site-packages/radar_tracking_pkg
[0.901s] byte-compiling /home/kaice/Desktop/radar_tracking_pkg/install/radar_tracking_pkg/lib/python3.10/site-packages/radar_tracking_pkg/radar_serial_publisher.py to radar_serial_publisher.cpython-310.pyc
[0.905s] running install_data
[0.905s] running install_egg_info
[0.905s] removing '/home/kaice/Desktop/radar_tracking_pkg/install/radar_tracking_pkg/lib/python3.10/site-packages/radar_tracking_pkg-0.0.0-py3.10.egg-info' (and everything under it)
[0.906s] Copying build/radar_tracking_pkg/radar_tracking_pkg.egg-info to /home/kaice/Desktop/radar_tracking_pkg/install/radar_tracking_pkg/lib/python3.10/site-packages/radar_tracking_pkg-0.0.0-py3.10.egg-info
[0.907s] running install_scripts
[0.928s] Installing radar_ekf_tracker_node script to /home/kaice/Desktop/radar_tracking_pkg/install/radar_tracking_pkg/lib/radar_tracking_pkg
[0.933s] Installing radar_path_tracker script to /home/kaice/Desktop/radar_tracking_pkg/install/radar_tracking_pkg/lib/radar_tracking_pkg
[0.934s] Installing radar_pointcloud_node script to /home/kaice/Desktop/radar_tracking_pkg/install/radar_tracking_pkg/lib/radar_tracking_pkg
[0.934s] Installing radar_publisher script to /home/kaice/Desktop/radar_tracking_pkg/install/radar_tracking_pkg/lib/radar_tracking_pkg
[0.935s] Installing radar_publisher_enhanced script to /home/kaice/Desktop/radar_tracking_pkg/install/radar_tracking_pkg/lib/radar_tracking_pkg
[0.935s] Installing radar_serial_debug script to /home/kaice/Desktop/radar_tracking_pkg/install/radar_tracking_pkg/lib/radar_tracking_pkg
[0.935s] Installing radar_serial_publisher script to /home/kaice/Desktop/radar_tracking_pkg/install/radar_tracking_pkg/lib/radar_tracking_pkg
[0.935s] Installing radar_subscriber script to /home/kaice/Desktop/radar_tracking_pkg/install/radar_tracking_pkg/lib/radar_tracking_pkg
[0.935s] Installing radar_subscriber_enhanced script to /home/kaice/Desktop/radar_tracking_pkg/install/radar_tracking_pkg/lib/radar_tracking_pkg
[0.935s] writing list of installed files to '/home/kaice/Desktop/radar_tracking_pkg/build/radar_tracking_pkg/install.log'
[0.966s] Invoked command in '/home/kaice/Desktop/radar_tracking_pkg' returned '0': PYTHONPATH=/home/kaice/Desktop/radar_tracking_pkg/build/radar_tracking_pkg/prefix_override:/usr/lib/python3/dist-packages/colcon_core/task/python/colcon_distutils_commands:/home/kaice/Desktop/radar_tracking_pkg/install/radar_tracking_pkg/lib/python3.10/site-packages:${PYTHONPATH} /usr/bin/python3 -W ignore:setup.py install is deprecated -W ignore:easy_install command is deprecated setup.py egg_info --egg-base build/radar_tracking_pkg build --build-base /home/kaice/Desktop/radar_tracking_pkg/build/radar_tracking_pkg/build install --record /home/kaice/Desktop/radar_tracking_pkg/build/radar_tracking_pkg/install.log --single-version-externally-managed install_data
