[0.530s] Invoking command in '/home/kaice/Desktop/radar_tracking_pkg': PYTHONPATH=/home/kaice/Desktop/radar_tracking_pkg/build/radar_tracking_pkg/prefix_override:/usr/lib/python3/dist-packages/colcon_core/task/python/colcon_distutils_commands:/home/kaice/Desktop/radar_tracking_pkg/install/radar_tracking_pkg/lib/python3.10/site-packages:${PYTHONPATH} /usr/bin/python3 -W ignore:setup.py install is deprecated -W ignore:easy_install command is deprecated setup.py egg_info --egg-base build/radar_tracking_pkg build --build-base /home/kaice/Desktop/radar_tracking_pkg/build/radar_tracking_pkg/build install --record /home/kaice/Desktop/radar_tracking_pkg/build/radar_tracking_pkg/install.log --single-version-externally-managed install_data
[0.736s] running egg_info
[0.739s] writing build/radar_tracking_pkg/radar_tracking_pkg.egg-info/PKG-INFO
[0.739s] writing dependency_links to build/radar_tracking_pkg/radar_tracking_pkg.egg-info/dependency_links.txt
[0.740s] writing entry points to build/radar_tracking_pkg/radar_tracking_pkg.egg-info/entry_points.txt
[0.740s] writing requirements to build/radar_tracking_pkg/radar_tracking_pkg.egg-info/requires.txt
[0.740s] writing top-level names to build/radar_tracking_pkg/radar_tracking_pkg.egg-info/top_level.txt
[0.741s] reading manifest file 'build/radar_tracking_pkg/radar_tracking_pkg.egg-info/SOURCES.txt'
[0.742s] writing manifest file 'build/radar_tracking_pkg/radar_tracking_pkg.egg-info/SOURCES.txt'
[0.743s] running build
[0.743s] running build_py
[0.743s] copying radar_tracking_pkg/radar_serial_publisher.py -> /home/kaice/Desktop/radar_tracking_pkg/build/radar_tracking_pkg/build/lib/radar_tracking_pkg
[0.743s] running install
[0.744s] running install_lib
[0.745s] copying /home/kaice/Desktop/radar_tracking_pkg/build/radar_tracking_pkg/build/lib/radar_tracking_pkg/radar_serial_publisher.py -> /home/kaice/Desktop/radar_tracking_pkg/install/radar_tracking_pkg/lib/python3.10/site-packages/radar_tracking_pkg
[0.746s] byte-compiling /home/kaice/Desktop/radar_tracking_pkg/install/radar_tracking_pkg/lib/python3.10/site-packages/radar_tracking_pkg/radar_serial_publisher.py to radar_serial_publisher.cpython-310.pyc
[0.747s] running install_data
[0.747s] running install_egg_info
[0.748s] removing '/home/kaice/Desktop/radar_tracking_pkg/install/radar_tracking_pkg/lib/python3.10/site-packages/radar_tracking_pkg-0.0.0-py3.10.egg-info' (and everything under it)
[0.749s] Copying build/radar_tracking_pkg/radar_tracking_pkg.egg-info to /home/kaice/Desktop/radar_tracking_pkg/install/radar_tracking_pkg/lib/python3.10/site-packages/radar_tracking_pkg-0.0.0-py3.10.egg-info
[0.750s] running install_scripts
[0.770s] Installing radar_ekf_tracker_node script to /home/kaice/Desktop/radar_tracking_pkg/install/radar_tracking_pkg/lib/radar_tracking_pkg
[0.770s] Installing radar_path_tracker script to /home/kaice/Desktop/radar_tracking_pkg/install/radar_tracking_pkg/lib/radar_tracking_pkg
[0.777s] Installing radar_pointcloud_node script to /home/kaice/Desktop/radar_tracking_pkg/install/radar_tracking_pkg/lib/radar_tracking_pkg
[0.777s] Installing radar_publisher script to /home/kaice/Desktop/radar_tracking_pkg/install/radar_tracking_pkg/lib/radar_tracking_pkg
[0.777s] Installing radar_publisher_enhanced script to /home/kaice/Desktop/radar_tracking_pkg/install/radar_tracking_pkg/lib/radar_tracking_pkg
[0.777s] Installing radar_serial_debug script to /home/kaice/Desktop/radar_tracking_pkg/install/radar_tracking_pkg/lib/radar_tracking_pkg
[0.777s] Installing radar_serial_publisher script to /home/kaice/Desktop/radar_tracking_pkg/install/radar_tracking_pkg/lib/radar_tracking_pkg
[0.777s] Installing radar_subscriber script to /home/kaice/Desktop/radar_tracking_pkg/install/radar_tracking_pkg/lib/radar_tracking_pkg
[0.778s] Installing radar_subscriber_enhanced script to /home/kaice/Desktop/radar_tracking_pkg/install/radar_tracking_pkg/lib/radar_tracking_pkg
[0.778s] writing list of installed files to '/home/kaice/Desktop/radar_tracking_pkg/build/radar_tracking_pkg/install.log'
[0.815s] Invoked command in '/home/kaice/Desktop/radar_tracking_pkg' returned '0': PYTHONPATH=/home/kaice/Desktop/radar_tracking_pkg/build/radar_tracking_pkg/prefix_override:/usr/lib/python3/dist-packages/colcon_core/task/python/colcon_distutils_commands:/home/kaice/Desktop/radar_tracking_pkg/install/radar_tracking_pkg/lib/python3.10/site-packages:${PYTHONPATH} /usr/bin/python3 -W ignore:setup.py install is deprecated -W ignore:easy_install command is deprecated setup.py egg_info --egg-base build/radar_tracking_pkg build --build-base /home/kaice/Desktop/radar_tracking_pkg/build/radar_tracking_pkg/build install --record /home/kaice/Desktop/radar_tracking_pkg/build/radar_tracking_pkg/install.log --single-version-externally-managed install_data
