[0.580s] Invoking command in '/home/kaice/Desktop/radar_tracking_pkg': PYTHONPATH=/home/kaice/Desktop/radar_tracking_pkg/build/radar_tracking_pkg/prefix_override:/usr/lib/python3/dist-packages/colcon_core/task/python/colcon_distutils_commands:/home/kaice/Desktop/radar_tracking_pkg/install/radar_tracking_pkg/lib/python3.10/site-packages:${PYTHONPATH} /usr/bin/python3 -W ignore:setup.py install is deprecated -W ignore:easy_install command is deprecated setup.py egg_info --egg-base build/radar_tracking_pkg build --build-base /home/kaice/Desktop/radar_tracking_pkg/build/radar_tracking_pkg/build install --record /home/kaice/Desktop/radar_tracking_pkg/build/radar_tracking_pkg/install.log --single-version-externally-managed install_data
[0.792s] running egg_info
[0.792s] writing build/radar_tracking_pkg/radar_tracking_pkg.egg-info/PKG-INFO
[0.793s] writing dependency_links to build/radar_tracking_pkg/radar_tracking_pkg.egg-info/dependency_links.txt
[0.793s] writing entry points to build/radar_tracking_pkg/radar_tracking_pkg.egg-info/entry_points.txt
[0.794s] writing requirements to build/radar_tracking_pkg/radar_tracking_pkg.egg-info/requires.txt
[0.794s] writing top-level names to build/radar_tracking_pkg/radar_tracking_pkg.egg-info/top_level.txt
[0.795s] reading manifest file 'build/radar_tracking_pkg/radar_tracking_pkg.egg-info/SOURCES.txt'
[0.797s] writing manifest file 'build/radar_tracking_pkg/radar_tracking_pkg.egg-info/SOURCES.txt'
[0.797s] running build
[0.797s] running build_py
[0.798s] running install
[0.798s] running install_lib
[0.799s] running install_data
[0.799s] copying package.xml -> /home/kaice/Desktop/radar_tracking_pkg/install/radar_tracking_pkg/share/radar_tracking_pkg
[0.799s] running install_egg_info
[0.801s] removing '/home/kaice/Desktop/radar_tracking_pkg/install/radar_tracking_pkg/lib/python3.10/site-packages/radar_tracking_pkg-0.0.0-py3.10.egg-info' (and everything under it)
[0.801s] Copying build/radar_tracking_pkg/radar_tracking_pkg.egg-info to /home/kaice/Desktop/radar_tracking_pkg/install/radar_tracking_pkg/lib/python3.10/site-packages/radar_tracking_pkg-0.0.0-py3.10.egg-info
[0.802s] running install_scripts
[0.822s] Installing radar_ekf_tracker_node script to /home/kaice/Desktop/radar_tracking_pkg/install/radar_tracking_pkg/lib/radar_tracking_pkg
[0.824s] Installing radar_path_tracker script to /home/kaice/Desktop/radar_tracking_pkg/install/radar_tracking_pkg/lib/radar_tracking_pkg
[0.825s] Installing radar_pointcloud_node script to /home/kaice/Desktop/radar_tracking_pkg/install/radar_tracking_pkg/lib/radar_tracking_pkg
[0.825s] Installing radar_publisher script to /home/kaice/Desktop/radar_tracking_pkg/install/radar_tracking_pkg/lib/radar_tracking_pkg
[0.825s] Installing radar_publisher_enhanced script to /home/kaice/Desktop/radar_tracking_pkg/install/radar_tracking_pkg/lib/radar_tracking_pkg
[0.825s] Installing radar_serial_publisher script to /home/kaice/Desktop/radar_tracking_pkg/install/radar_tracking_pkg/lib/radar_tracking_pkg
[0.825s] Installing radar_subscriber script to /home/kaice/Desktop/radar_tracking_pkg/install/radar_tracking_pkg/lib/radar_tracking_pkg
[0.825s] Installing radar_subscriber_enhanced script to /home/kaice/Desktop/radar_tracking_pkg/install/radar_tracking_pkg/lib/radar_tracking_pkg
[0.825s] writing list of installed files to '/home/kaice/Desktop/radar_tracking_pkg/build/radar_tracking_pkg/install.log'
[0.864s] Invoked command in '/home/kaice/Desktop/radar_tracking_pkg' returned '0': PYTHONPATH=/home/kaice/Desktop/radar_tracking_pkg/build/radar_tracking_pkg/prefix_override:/usr/lib/python3/dist-packages/colcon_core/task/python/colcon_distutils_commands:/home/kaice/Desktop/radar_tracking_pkg/install/radar_tracking_pkg/lib/python3.10/site-packages:${PYTHONPATH} /usr/bin/python3 -W ignore:setup.py install is deprecated -W ignore:easy_install command is deprecated setup.py egg_info --egg-base build/radar_tracking_pkg build --build-base /home/kaice/Desktop/radar_tracking_pkg/build/radar_tracking_pkg/build install --record /home/kaice/Desktop/radar_tracking_pkg/build/radar_tracking_pkg/install.log --single-version-externally-managed install_data
